[debug] [2022-02-19T11:35:10.738Z] ----------------------------------------------------------------------
[debug] [2022-02-19T11:35:10.740Z] Command:       C:\Program Files\nodejs\node.exe C:\Users\User\AppData\Roaming\npm\node_modules\firebase-tools\lib\bin\firebase.js init
[debug] [2022-02-19T11:35:10.740Z] CLI Version:   10.2.1
[debug] [2022-02-19T11:35:10.740Z] Platform:      win32
[debug] [2022-02-19T11:35:10.740Z] Node Version:  v14.18.0
[debug] [2022-02-19T11:35:10.741Z] Time:          Sat Feb 19 2022 17:35:10 GMT+0600 (Восточный Казахстан)
[debug] [2022-02-19T11:35:10.741Z] ----------------------------------------------------------------------
[debug] 
[debug] [2022-02-19T11:35:10.749Z] > command requires scopes: ["email","openid","https://www.googleapis.com/auth/cloudplatformprojects.readonly","https://www.googleapis.com/auth/firebase","https://www.googleapis.com/auth/cloud-platform"]
[debug] [2022-02-19T11:35:10.749Z] > authorizing via signed-in user (dzhailikeevtalgat@gmail.com)
[info] 
     ######## #### ########  ######## ########     ###     ######  ########
     ##        ##  ##     ## ##       ##     ##  ##   ##  ##       ##
     ######    ##  ########  ######   ########  #########  ######  ######
     ##        ##  ##    ##  ##       ##     ## ##     ##       ## ##
     ##       #### ##     ## ######## ########  ##     ##  ######  ########

You're about to initialize a Firebase project in this directory:

  C:\Users\User\Desktop\kurs-main\auto-project

[info] 
=== Project Setup
[info] 
[info] First, let's associate this project directory with a Firebase project.
[info] You can create multiple project aliases by running firebase use --add, 
[info] but for now we'll just set up a default project.
[info] 
[debug] [2022-02-19T11:35:26.080Z] >>> [apiv2][query] GET https://firebase.googleapis.com/v1beta1/projects pageSize=100
[debug] [2022-02-19T11:35:26.704Z] <<< [apiv2][status] GET https://firebase.googleapis.com/v1beta1/projects 200
[debug] [2022-02-19T11:35:26.704Z] <<< [apiv2][body] GET https://firebase.googleapis.com/v1beta1/projects [omitted]
[info] i  Using project autoproject-28523 (autoproject) 
[info] 
=== Hosting Setup
[info] 
[info] Your public directory is the folder (relative to your project directory) that
[info] will contain Hosting assets to be uploaded with firebase deploy. If you
[info] have a build process for your assets, use your build's output directory.
[info] 
[debug] [2022-02-19T11:35:38.755Z] >>> [apiv2][query] GET https://www.gstatic.com/firebasejs/releases.json [none]
[debug] [2022-02-19T11:35:38.990Z] <<< [apiv2][status] GET https://www.gstatic.com/firebasejs/releases.json 200
[debug] [2022-02-19T11:35:38.990Z] <<< [apiv2][body] GET https://www.gstatic.com/firebasejs/releases.json {"current":{"version":"9.6.7","browserURL":"https://www.gstatic.com/firebasejs/9.6.7/firebase.js","packageURL":"https://www.gstatic.com/firebasejs/9.6.7/firebase.tgz"},"live":{"version":"9.6","browserURL":"https://www.gstatic.com/firebasejs/live/9.6/firebase.js","packageURL":"https://www.gstatic.com/firebasejs/live/9.6/firebase.tgz"},"components":{"analytics":"https://www.gstatic.com/firebasejs/9.6.7/firebase-analytics.js","app":"https://www.gstatic.com/firebasejs/9.6.7/firebase-app.js","app-check":"https://www.gstatic.com/firebasejs/9.6.7/firebase-app-check.js","auth":"https://www.gstatic.com/firebasejs/9.6.7/firebase-auth.js","auth/cordova":"https://www.gstatic.com/firebasejs/9.6.7/firebase-auth/cordova.js","auth/react-native":"https://www.gstatic.com/firebasejs/9.6.7/firebase-auth/react-native.js","functions":"https://www.gstatic.com/firebasejs/9.6.7/firebase-functions.js","firestore":"https://www.gstatic.com/firebasejs/9.6.7/firebase-firestore.js","firestore/lite":"https://www.gstatic.com/firebasejs/9.6.7/firebase-firestore/lite.js","storage":"https://www.gstatic.com/firebasejs/9.6.7/firebase-storage.js","performance":"https://www.gstatic.com/firebasejs/9.6.7/firebase-performance.js","remote-config":"https://www.gstatic.com/firebasejs/9.6.7/firebase-remote-config.js","messaging":"https://www.gstatic.com/firebasejs/9.6.7/firebase-messaging.js","messaging/sw":"https://www.gstatic.com/firebasejs/9.6.7/firebase-messaging/sw.js","database":"https://www.gstatic.com/firebasejs/9.6.7/firebase-database.js","firestore.memory":"https://www.gstatic.com/firebasejs/9.6.7/firebase-firestore.memory.js"}}
[info] i  Skipping write of build/index.html 
[info] 
[info] i  Detected a .git folder at C:\Users\User\Desktop\kurs-main\auto-project 
[info] i  Authorizing with GitHub to upload your service account to a GitHub repository's secrets store. 
[info] 
[info] Visit this URL on this device to log in:
[info] https://github.com/login/oauth/authorize?client_id=89cf50f02ac6aaed3484&state=518685560&redirect_uri=http%3A%2F%2Flocalhost%3A9005&scope=read%3Auser%20repo%20public_repo
[info] 
[info] Waiting for authentication...
[debug] [2022-02-19T11:35:42.952Z] >>> HTTP REQUEST POST https://github.com/login/oauth/access_token  
 {"client_id":"89cf50f02ac6aaed3484","client_secret":"3330d14abc895d9a74d5f17cd7a00711fa2c5bf0","code":"3da106351d1d737b0963","redirect_uri":"http://localhost:9005","state":"518685560"}
[debug] [2022-02-19T11:35:43.406Z] <<< HTTP RESPONSE 200 {"server":"GitHub.com","date":"Sat, 19 Feb 2022 11:35:43 GMT","content-type":"application/json; charset=utf-8","transfer-encoding":"chunked","vary":"X-PJAX, X-PJAX-Container, Accept-Encoding, Accept, X-Requested-With","permissions-policy":"interest-cohort=()","etag":"W/\"e764153ef8ed556a532d3ae73a5b7d52\"","cache-control":"max-age=0, private, must-revalidate","strict-transport-security":"max-age=31536000; includeSubdomains; preload","x-frame-options":"deny","x-content-type-options":"nosniff","x-xss-protection":"0","referrer-policy":"origin-when-cross-origin, strict-origin-when-cross-origin","expect-ct":"max-age=2592000, report-uri=\"https://api.github.com/_private/browser/errors\"","content-security-policy":"default-src 'none'; base-uri 'self'; block-all-mixed-content; child-src github.com/assets-cdn/worker/ gist.github.com/assets-cdn/worker/; connect-src 'self' uploads.github.com objects-origin.githubusercontent.com www.githubstatus.com collector.githubapp.com collector.github.com api.github.com github-cloud.s3.amazonaws.com github-production-repository-file-5c1aeb.s3.amazonaws.com github-production-upload-manifest-file-7fdce7.s3.amazonaws.com github-production-user-asset-6210df.s3.amazonaws.com cdn.optimizely.com logx.optimizely.com/v1/events translator.github.com wss://alive.github.com; font-src github.githubassets.com; form-action 'self' github.com gist.github.com objects-origin.githubusercontent.com; frame-ancestors 'none'; frame-src render.githubusercontent.com viewscreen.githubusercontent.com notebooks.githubusercontent.com; img-src 'self' data: github.githubassets.com identicons.github.com collector.githubapp.com collector.github.com github-cloud.s3.amazonaws.com secured-user-images.githubusercontent.com/ *.githubusercontent.com; manifest-src 'self'; media-src github.com user-images.githubusercontent.com/; script-src github.githubassets.com; style-src 'unsafe-inline' github.githubassets.com; worker-src github.com/assets-cdn/worker/ gist.github.com/assets-cdn/worker/","x-github-request-id":"FE2F:8524:1CAE161:1E69477:6210D60F"}
[debug] [2022-02-19T11:35:43.412Z] >>> [apiv2][query] GET https://api.github.com/user [none]
[debug] [2022-02-19T11:35:43.946Z] <<< [apiv2][status] GET https://api.github.com/user 200
[debug] [2022-02-19T11:35:43.946Z] <<< [apiv2][body] GET https://api.github.com/user {"login":"gutsyheart-talgat","id":63345674,"node_id":"MDQ6VXNlcjYzMzQ1Njc0","avatar_url":"https://avatars.githubusercontent.com/u/63345674?v=4","gravatar_id":"","url":"https://api.github.com/users/gutsyheart-talgat","html_url":"https://github.com/gutsyheart-talgat","followers_url":"https://api.github.com/users/gutsyheart-talgat/followers","following_url":"https://api.github.com/users/gutsyheart-talgat/following{/other_user}","gists_url":"https://api.github.com/users/gutsyheart-talgat/gists{/gist_id}","starred_url":"https://api.github.com/users/gutsyheart-talgat/starred{/owner}{/repo}","subscriptions_url":"https://api.github.com/users/gutsyheart-talgat/subscriptions","organizations_url":"https://api.github.com/users/gutsyheart-talgat/orgs","repos_url":"https://api.github.com/users/gutsyheart-talgat/repos","events_url":"https://api.github.com/users/gutsyheart-talgat/events{/privacy}","received_events_url":"https://api.github.com/users/gutsyheart-talgat/received_events","type":"User","site_admin":false,"name":null,"company":null,"blog":"","location":null,"email":null,"hireable":null,"bio":null,"twitter_username":null,"public_repos":24,"public_gists":0,"followers":0,"following":0,"created_at":"2020-04-08T10:08:28Z","updated_at":"2022-02-07T17:07:06Z","private_gists":0,"total_private_repos":0,"owned_private_repos":0,"disk_usage":62261,"collaborators":0,"two_factor_authentication":false,"plan":{"name":"free","space":976562499,"collaborators":0,"private_repos":10000}}
[info] 
[info] +  Success! Logged into GitHub as gutsyheart-talgat 
[info] 
[debug] [2022-02-19T11:36:03.378Z] >>> [apiv2][query] GET https://api.github.com/repos/gutsyheart-talgat//actions/secrets/public-key type=owner
[debug] [2022-02-19T11:36:03.784Z] <<< [apiv2][status] GET https://api.github.com/repos/gutsyheart-talgat//actions/secrets/public-key 404
[debug] [2022-02-19T11:36:03.784Z] <<< [apiv2][body] GET https://api.github.com/repos/gutsyheart-talgat//actions/secrets/public-key {"message":"Not Found","documentation_url":"https://docs.github.com/rest"}
[debug] [2022-02-19T11:36:04.549Z] >>> [apiv2][query] GET https://api.github.com/repos/gutsyheart-talgat//actions/secrets/public-key type=owner
[debug] [2022-02-19T11:36:04.965Z] <<< [apiv2][status] GET https://api.github.com/repos/gutsyheart-talgat//actions/secrets/public-key 404
[debug] [2022-02-19T11:36:04.965Z] <<< [apiv2][body] GET https://api.github.com/repos/gutsyheart-talgat//actions/secrets/public-key {"message":"Not Found","documentation_url":"https://docs.github.com/rest"}
[debug] [2022-02-19T11:36:05.604Z] >>> [apiv2][query] GET https://api.github.com/repos/gutsyheart-talgat/actions/secrets/public-key type=owner
[debug] [2022-02-19T11:36:06.011Z] <<< [apiv2][status] GET https://api.github.com/repos/gutsyheart-talgat/actions/secrets/public-key 404
[debug] [2022-02-19T11:36:06.012Z] <<< [apiv2][body] GET https://api.github.com/repos/gutsyheart-talgat/actions/secrets/public-key {"message":"Not Found","documentation_url":"https://docs.github.com/rest"}
[debug] [2022-02-19T11:36:20.864Z] >>> [apiv2][query] GET https://api.github.com/repos/gutsyheart-talgat/autoproject/actions/secrets/public-key type=owner
[debug] [2022-02-19T11:36:21.276Z] <<< [apiv2][status] GET https://api.github.com/repos/gutsyheart-talgat/autoproject/actions/secrets/public-key 404
[debug] [2022-02-19T11:36:21.276Z] <<< [apiv2][body] GET https://api.github.com/repos/gutsyheart-talgat/autoproject/actions/secrets/public-key {"message":"Not Found","documentation_url":"https://docs.github.com/rest/reference/actions#get-a-repository-public-key"}
[debug] [2022-02-19T11:36:21.967Z] >>> [apiv2][query] GET https://api.github.com/repos/gutsyheart-talgat/autoproject/actions/secrets/public-key type=owner
[debug] [2022-02-19T11:36:22.229Z] >>> [apiv2][query] GET https://api.github.com/repos//actions/secrets/public-key type=owner
[debug] [2022-02-19T11:36:22.350Z] <<< [apiv2][status] GET https://api.github.com/repos/gutsyheart-talgat/autoproject/actions/secrets/public-key 404
[debug] [2022-02-19T11:36:22.350Z] <<< [apiv2][body] GET https://api.github.com/repos/gutsyheart-talgat/autoproject/actions/secrets/public-key {"message":"Not Found","documentation_url":"https://docs.github.com/rest/reference/actions#get-a-repository-public-key"}
[debug] [2022-02-19T11:36:22.407Z] >>> [apiv2][query] GET https://api.github.com/repos/gutsyheart-talgat/autoproject/actions/secrets/public-key type=owner
[debug] [2022-02-19T11:36:22.645Z] <<< [apiv2][status] GET https://api.github.com/repos//actions/secrets/public-key 404
[debug] [2022-02-19T11:36:22.646Z] <<< [apiv2][body] GET https://api.github.com/repos//actions/secrets/public-key {"message":"Not Found","documentation_url":"https://docs.github.com/rest"}
[debug] [2022-02-19T11:36:22.817Z] >>> [apiv2][query] GET https://api.github.com/repos//actions/secrets/public-key type=owner
[debug] [2022-02-19T11:36:22.818Z] <<< [apiv2][status] GET https://api.github.com/repos/gutsyheart-talgat/autoproject/actions/secrets/public-key 404
[debug] [2022-02-19T11:36:22.819Z] <<< [apiv2][body] GET https://api.github.com/repos/gutsyheart-talgat/autoproject/actions/secrets/public-key {"message":"Not Found","documentation_url":"https://docs.github.com/rest/reference/actions#get-a-repository-public-key"}
[debug] [2022-02-19T11:36:23.239Z] <<< [apiv2][status] GET https://api.github.com/repos//actions/secrets/public-key 404
[debug] [2022-02-19T11:36:23.239Z] <<< [apiv2][body] GET https://api.github.com/repos//actions/secrets/public-key {"message":"Not Found","documentation_url":"https://docs.github.com/rest"}
[debug] [2022-02-19T11:36:24.333Z] >>> [apiv2][query] GET https://api.github.com/repos/gutsyheart-talgat/autoproject/actions/secrets/public-key type=owner
[debug] [2022-02-19T11:36:24.752Z] <<< [apiv2][status] GET https://api.github.com/repos/gutsyheart-talgat/autoproject/actions/secrets/public-key 404
[debug] [2022-02-19T11:36:24.752Z] <<< [apiv2][body] GET https://api.github.com/repos/gutsyheart-talgat/autoproject/actions/secrets/public-key {"message":"Not Found","documentation_url":"https://docs.github.com/rest/reference/actions#get-a-repository-public-key"}
